{"/Users/learnacademy/Desktop/movie-scout/app/javascript/components/components/Footer.js": {"path":"/Users/learnacademy/Desktop/movie-scout/app/javascript/components/components/Footer.js","statementMap":{"0":{"start":{"line":3,"column":15},"end":{"line":9,"column":1}},"1":{"start":{"line":4,"column":2},"end":{"line":8,"column":3}}},"fnMap":{"0":{"name":"(anonymous_0)","decl":{"start":{"line":3,"column":15},"end":{"line":3,"column":16}},"loc":{"start":{"line":3,"column":21},"end":{"line":9,"column":1}},"line":3}},"branchMap":{},"s":{"0":1,"1":1},"f":{"0":1},"b":{},"_coverageSchema":"1a1c01bbd47fc00a2c39e90264f33305004495a9","hash":"38519a10d353c8f2457b24dea367c41e115f01b6"}
,"/Users/learnacademy/Desktop/movie-scout/app/javascript/components/components/Header.js": {"path":"/Users/learnacademy/Desktop/movie-scout/app/javascript/components/components/Header.js","statementMap":{"0":{"start":{"line":14,"column":15},"end":{"line":79,"column":1}},"1":{"start":{"line":15,"column":2},"end":{"line":78,"column":3}}},"fnMap":{"0":{"name":"(anonymous_0)","decl":{"start":{"line":14,"column":15},"end":{"line":14,"column":16}},"loc":{"start":{"line":14,"column":92},"end":{"line":79,"column":1}},"line":14}},"branchMap":{"0":{"loc":{"start":{"line":21,"column":9},"end":{"line":44,"column":9}},"type":"binary-expr","locations":[{"start":{"line":21,"column":9},"end":{"line":21,"column":19}},{"start":{"line":22,"column":10},"end":{"line":43,"column":16}}],"line":21},"1":{"loc":{"start":{"line":45,"column":9},"end":{"line":73,"column":9}},"type":"binary-expr","locations":[{"start":{"line":45,"column":9},"end":{"line":45,"column":18}},{"start":{"line":46,"column":10},"end":{"line":72,"column":16}}],"line":45}},"s":{"0":1,"1":2},"f":{"0":2},"b":{"0":[2,2],"1":[2,0]},"_coverageSchema":"1a1c01bbd47fc00a2c39e90264f33305004495a9","hash":"7aa85130a00a9169add9eb13eed51222ea4e8690"}
,"/Users/learnacademy/Desktop/movie-scout/app/javascript/components/components/Navigation.js": {"path":"/Users/learnacademy/Desktop/movie-scout/app/javascript/components/components/Navigation.js","statementMap":{"0":{"start":{"line":3,"column":19},"end":{"line":9,"column":1}},"1":{"start":{"line":4,"column":2},"end":{"line":8,"column":3}}},"fnMap":{"0":{"name":"(anonymous_0)","decl":{"start":{"line":3,"column":19},"end":{"line":3,"column":20}},"loc":{"start":{"line":3,"column":25},"end":{"line":9,"column":1}},"line":3}},"branchMap":{},"s":{"0":1,"1":1},"f":{"0":1},"b":{},"_coverageSchema":"1a1c01bbd47fc00a2c39e90264f33305004495a9","hash":"0529b8b32a0ba0dc2bf47781e670d27f8f1f6efd"}
,"/Users/learnacademy/Desktop/movie-scout/app/javascript/components/components/SearchBar.js": {"path":"/Users/learnacademy/Desktop/movie-scout/app/javascript/components/components/SearchBar.js","statementMap":{"0":{"start":{"line":3,"column":18},"end":{"line":15,"column":1}},"1":{"start":{"line":6,"column":4},"end":{"line":14,"column":3}}},"fnMap":{"0":{"name":"(anonymous_0)","decl":{"start":{"line":3,"column":18},"end":{"line":3,"column":19}},"loc":{"start":{"line":3,"column":24},"end":{"line":15,"column":1}},"line":3}},"branchMap":{},"s":{"0":1,"1":2},"f":{"0":2},"b":{},"_coverageSchema":"1a1c01bbd47fc00a2c39e90264f33305004495a9","hash":"c82b838541ba55b0ae6d1d94be70a5bb60ce44d2"}
,"/Users/learnacademy/Desktop/movie-scout/app/javascript/components/pages/Home.js": {"path":"/Users/learnacademy/Desktop/movie-scout/app/javascript/components/pages/Home.js","statementMap":{"0":{"start":{"line":5,"column":13},"end":{"line":26,"column":1}},"1":{"start":{"line":7,"column":19},"end":{"line":7,"column":32}},"2":{"start":{"line":8,"column":23},"end":{"line":10,"column":3}},"3":{"start":{"line":9,"column":4},"end":{"line":9,"column":27}},"4":{"start":{"line":11,"column":2},"end":{"line":25,"column":3}}},"fnMap":{"0":{"name":"(anonymous_0)","decl":{"start":{"line":5,"column":13},"end":{"line":5,"column":14}},"loc":{"start":{"line":5,"column":19},"end":{"line":26,"column":1}},"line":5},"1":{"name":"(anonymous_1)","decl":{"start":{"line":8,"column":23},"end":{"line":8,"column":24}},"loc":{"start":{"line":8,"column":29},"end":{"line":10,"column":3}},"line":8}},"branchMap":{},"s":{"0":1,"1":3,"2":3,"3":0,"4":3},"f":{"0":3,"1":0},"b":{},"_coverageSchema":"1a1c01bbd47fc00a2c39e90264f33305004495a9","hash":"aa5b9558de17ac0ae7c1157767c9c23361fab402"}
,"/Users/learnacademy/Desktop/movie-scout/app/javascript/components/pages/MovieEdit.js": {"path":"/Users/learnacademy/Desktop/movie-scout/app/javascript/components/pages/MovieEdit.js","statementMap":{"0":{"start":{"line":15,"column":18},"end":{"line":143,"column":1}},"1":{"start":{"line":17,"column":15},"end":{"line":17,"column":26}},"2":{"start":{"line":18,"column":21},"end":{"line":18,"column":60}},"3":{"start":{"line":18,"column":43},"end":{"line":18,"column":59}},"4":{"start":{"line":20,"column":36},"end":{"line":28,"column":4}},"5":{"start":{"line":30,"column":23},"end":{"line":32,"column":3}},"6":{"start":{"line":31,"column":4},"end":{"line":31,"column":65}},"7":{"start":{"line":34,"column":19},"end":{"line":34,"column":32}},"8":{"start":{"line":36,"column":23},"end":{"line":39,"column":3}},"9":{"start":{"line":37,"column":4},"end":{"line":37,"column":43}},"10":{"start":{"line":38,"column":4},"end":{"line":38,"column":48}},"11":{"start":{"line":41,"column":2},"end":{"line":142,"column":3}}},"fnMap":{"0":{"name":"(anonymous_0)","decl":{"start":{"line":15,"column":18},"end":{"line":15,"column":19}},"loc":{"start":{"line":15,"column":59},"end":{"line":143,"column":1}},"line":15},"1":{"name":"(anonymous_1)","decl":{"start":{"line":18,"column":34},"end":{"line":18,"column":35}},"loc":{"start":{"line":18,"column":43},"end":{"line":18,"column":59}},"line":18},"2":{"name":"(anonymous_2)","decl":{"start":{"line":30,"column":23},"end":{"line":30,"column":24}},"loc":{"start":{"line":30,"column":30},"end":{"line":32,"column":3}},"line":30},"3":{"name":"(anonymous_3)","decl":{"start":{"line":36,"column":23},"end":{"line":36,"column":24}},"loc":{"start":{"line":36,"column":29},"end":{"line":39,"column":3}},"line":36}},"branchMap":{},"s":{"0":1,"1":2,"2":2,"3":0,"4":2,"5":2,"6":0,"7":2,"8":2,"9":0,"10":0,"11":2},"f":{"0":2,"1":0,"2":0,"3":0},"b":{},"_coverageSchema":"1a1c01bbd47fc00a2c39e90264f33305004495a9","hash":"23229ed46a5afd0375faef8c8d886462282da053"}
,"/Users/learnacademy/Desktop/movie-scout/app/javascript/components/pages/MovieIndex.js": {"path":"/Users/learnacademy/Desktop/movie-scout/app/javascript/components/pages/MovieIndex.js","statementMap":{"0":{"start":{"line":5,"column":19},"end":{"line":56,"column":1}},"1":{"start":{"line":7,"column":19},"end":{"line":7,"column":32}},"2":{"start":{"line":9,"column":27},"end":{"line":11,"column":3}},"3":{"start":{"line":13,"column":27},"end":{"line":15,"column":3}},"4":{"start":{"line":14,"column":4},"end":{"line":14,"column":14}},"5":{"start":{"line":17,"column":0},"end":{"line":55,"column":4}},"6":{"start":{"line":22,"column":8},"end":{"line":49,"column":10}}},"fnMap":{"0":{"name":"(anonymous_0)","decl":{"start":{"line":5,"column":19},"end":{"line":5,"column":20}},"loc":{"start":{"line":5,"column":35},"end":{"line":56,"column":1}},"line":5},"1":{"name":"(anonymous_1)","decl":{"start":{"line":9,"column":27},"end":{"line":9,"column":28}},"loc":{"start":{"line":9,"column":40},"end":{"line":11,"column":3}},"line":9},"2":{"name":"(anonymous_2)","decl":{"start":{"line":13,"column":27},"end":{"line":13,"column":28}},"loc":{"start":{"line":13,"column":33},"end":{"line":15,"column":3}},"line":13},"3":{"name":"(anonymous_3)","decl":{"start":{"line":21,"column":19},"end":{"line":21,"column":20}},"loc":{"start":{"line":21,"column":37},"end":{"line":50,"column":7}},"line":21}},"branchMap":{},"s":{"0":1,"1":2,"2":2,"3":2,"4":0,"5":2,"6":0},"f":{"0":2,"1":0,"2":0,"3":0},"b":{},"_coverageSchema":"1a1c01bbd47fc00a2c39e90264f33305004495a9","hash":"c6026d5ce590c4a62f1f7da3109b8f9697560ced"}
,"/Users/learnacademy/Desktop/movie-scout/app/javascript/components/pages/MovieNew.js": {"path":"/Users/learnacademy/Desktop/movie-scout/app/javascript/components/pages/MovieNew.js","statementMap":{"0":{"start":{"line":14,"column":17},"end":{"line":139,"column":1}},"1":{"start":{"line":16,"column":19},"end":{"line":16,"column":32}},"2":{"start":{"line":17,"column":34},"end":{"line":25,"column":4}},"3":{"start":{"line":27,"column":23},"end":{"line":29,"column":3}},"4":{"start":{"line":28,"column":4},"end":{"line":28,"column":63}},"5":{"start":{"line":31,"column":23},"end":{"line":34,"column":3}},"6":{"start":{"line":32,"column":4},"end":{"line":32,"column":25}},"7":{"start":{"line":33,"column":4},"end":{"line":33,"column":25}},"8":{"start":{"line":36,"column":2},"end":{"line":138,"column":3}}},"fnMap":{"0":{"name":"(anonymous_0)","decl":{"start":{"line":14,"column":17},"end":{"line":14,"column":18}},"loc":{"start":{"line":14,"column":52},"end":{"line":139,"column":1}},"line":14},"1":{"name":"(anonymous_1)","decl":{"start":{"line":27,"column":23},"end":{"line":27,"column":24}},"loc":{"start":{"line":27,"column":30},"end":{"line":29,"column":3}},"line":27},"2":{"name":"(anonymous_2)","decl":{"start":{"line":31,"column":23},"end":{"line":31,"column":24}},"loc":{"start":{"line":31,"column":29},"end":{"line":34,"column":3}},"line":31}},"branchMap":{},"s":{"0":1,"1":2,"2":2,"3":2,"4":0,"5":2,"6":0,"7":0,"8":2},"f":{"0":2,"1":0,"2":0},"b":{},"_coverageSchema":"1a1c01bbd47fc00a2c39e90264f33305004495a9","hash":"a5ae9051453a6abf85d3ebcb5a12e4e1c445082a"}
,"/Users/learnacademy/Desktop/movie-scout/app/javascript/components/pages/MovieShow.js": {"path":"/Users/learnacademy/Desktop/movie-scout/app/javascript/components/pages/MovieShow.js","statementMap":{"0":{"start":{"line":4,"column":18},"end":{"line":43,"column":1}},"1":{"start":{"line":5,"column":17},"end":{"line":5,"column":28}},"2":{"start":{"line":6,"column":21},"end":{"line":6,"column":62}},"3":{"start":{"line":6,"column":45},"end":{"line":6,"column":61}},"4":{"start":{"line":8,"column":19},"end":{"line":8,"column":32}},"5":{"start":{"line":10,"column":23},"end":{"line":12,"column":3}},"6":{"start":{"line":11,"column":4},"end":{"line":11,"column":27}},"7":{"start":{"line":13,"column":2},"end":{"line":42,"column":3}}},"fnMap":{"0":{"name":"(anonymous_0)","decl":{"start":{"line":4,"column":18},"end":{"line":4,"column":19}},"loc":{"start":{"line":4,"column":32},"end":{"line":43,"column":1}},"line":4},"1":{"name":"(anonymous_1)","decl":{"start":{"line":6,"column":34},"end":{"line":6,"column":35}},"loc":{"start":{"line":6,"column":45},"end":{"line":6,"column":61}},"line":6},"2":{"name":"(anonymous_2)","decl":{"start":{"line":10,"column":23},"end":{"line":10,"column":24}},"loc":{"start":{"line":10,"column":29},"end":{"line":12,"column":3}},"line":10}},"branchMap":{"0":{"loc":{"start":{"line":15,"column":7},"end":{"line":39,"column":7}},"type":"binary-expr","locations":[{"start":{"line":15,"column":7},"end":{"line":15,"column":19}},{"start":{"line":16,"column":8},"end":{"line":38,"column":11}}],"line":15}},"s":{"0":1,"1":3,"2":3,"3":3,"4":3,"5":3,"6":0,"7":3},"f":{"0":3,"1":3,"2":0},"b":{"0":[3,3]},"_coverageSchema":"1a1c01bbd47fc00a2c39e90264f33305004495a9","hash":"67da52a60aae1c22eff5a1f140c5fd8f60886d69"}
,"/Users/learnacademy/Desktop/movie-scout/app/javascript/components/pages/MyMovies.js": {"path":"/Users/learnacademy/Desktop/movie-scout/app/javascript/components/pages/MyMovies.js","statementMap":{"0":{"start":{"line":4,"column":17},"end":{"line":35,"column":1}},"1":{"start":{"line":5,"column":21},"end":{"line":7,"column":4}},"2":{"start":{"line":6,"column":4},"end":{"line":6,"column":44}},"3":{"start":{"line":9,"column":2},"end":{"line":34,"column":4}},"4":{"start":{"line":14,"column":8},"end":{"line":30,"column":10}}},"fnMap":{"0":{"name":"(anonymous_0)","decl":{"start":{"line":4,"column":17},"end":{"line":4,"column":18}},"loc":{"start":{"line":4,"column":47},"end":{"line":35,"column":1}},"line":4},"1":{"name":"(anonymous_1)","decl":{"start":{"line":5,"column":36},"end":{"line":5,"column":37}},"loc":{"start":{"line":5,"column":47},"end":{"line":7,"column":3}},"line":5},"2":{"name":"(anonymous_2)","decl":{"start":{"line":13,"column":23},"end":{"line":13,"column":24}},"loc":{"start":{"line":13,"column":41},"end":{"line":31,"column":7}},"line":13}},"branchMap":{},"s":{"0":1,"1":2,"2":0,"3":2,"4":0},"f":{"0":2,"1":0,"2":0},"b":{},"_coverageSchema":"1a1c01bbd47fc00a2c39e90264f33305004495a9","hash":"64624e33c6824f9f8d4fb8234b2c608fffce1c24"}
,"/Users/learnacademy/Desktop/movie-scout/app/javascript/components/pages/MyMoviesShow.js": {"path":"/Users/learnacademy/Desktop/movie-scout/app/javascript/components/pages/MyMoviesShow.js","statementMap":{"0":{"start":{"line":4,"column":21},"end":{"line":60,"column":1}},"1":{"start":{"line":5,"column":17},"end":{"line":5,"column":28}},"2":{"start":{"line":6,"column":21},"end":{"line":6,"column":62}},"3":{"start":{"line":6,"column":45},"end":{"line":6,"column":61}},"4":{"start":{"line":8,"column":19},"end":{"line":8,"column":32}},"5":{"start":{"line":10,"column":23},"end":{"line":12,"column":3}},"6":{"start":{"line":11,"column":4},"end":{"line":11,"column":27}},"7":{"start":{"line":13,"column":24},"end":{"line":15,"column":3}},"8":{"start":{"line":14,"column":4},"end":{"line":14,"column":32}},"9":{"start":{"line":16,"column":26},"end":{"line":19,"column":3}},"10":{"start":{"line":17,"column":4},"end":{"line":17,"column":19}},"11":{"start":{"line":18,"column":4},"end":{"line":18,"column":25}},"12":{"start":{"line":21,"column":2},"end":{"line":59,"column":3}}},"fnMap":{"0":{"name":"(anonymous_0)","decl":{"start":{"line":4,"column":21},"end":{"line":4,"column":22}},"loc":{"start":{"line":4,"column":62},"end":{"line":60,"column":1}},"line":4},"1":{"name":"(anonymous_1)","decl":{"start":{"line":6,"column":34},"end":{"line":6,"column":35}},"loc":{"start":{"line":6,"column":45},"end":{"line":6,"column":61}},"line":6},"2":{"name":"(anonymous_2)","decl":{"start":{"line":10,"column":23},"end":{"line":10,"column":24}},"loc":{"start":{"line":10,"column":29},"end":{"line":12,"column":3}},"line":10},"3":{"name":"(anonymous_3)","decl":{"start":{"line":13,"column":24},"end":{"line":13,"column":25}},"loc":{"start":{"line":13,"column":30},"end":{"line":15,"column":3}},"line":13},"4":{"name":"(anonymous_4)","decl":{"start":{"line":16,"column":26},"end":{"line":16,"column":27}},"loc":{"start":{"line":16,"column":32},"end":{"line":19,"column":3}},"line":16}},"branchMap":{"0":{"loc":{"start":{"line":24,"column":7},"end":{"line":56,"column":7}},"type":"binary-expr","locations":[{"start":{"line":24,"column":7},"end":{"line":24,"column":19}},{"start":{"line":24,"column":23},"end":{"line":24,"column":35}},{"start":{"line":25,"column":8},"end":{"line":55,"column":11}}],"line":24}},"s":{"0":1,"1":3,"2":3,"3":3,"4":3,"5":3,"6":0,"7":3,"8":0,"9":3,"10":0,"11":0,"12":3},"f":{"0":3,"1":3,"2":0,"3":0,"4":0},"b":{"0":[3,3,3]},"_coverageSchema":"1a1c01bbd47fc00a2c39e90264f33305004495a9","hash":"f296eee450b4d6490e50de94d345a8c0912cbd94"}
}
