{"/Users/learnacademy/Desktop/movie-scout/app/javascript/components/components/Footer.js": {"path":"/Users/learnacademy/Desktop/movie-scout/app/javascript/components/components/Footer.js","statementMap":{"0":{"start":{"line":3,"column":15},"end":{"line":9,"column":1}},"1":{"start":{"line":4,"column":2},"end":{"line":8,"column":3}}},"fnMap":{"0":{"name":"(anonymous_0)","decl":{"start":{"line":3,"column":15},"end":{"line":3,"column":16}},"loc":{"start":{"line":3,"column":21},"end":{"line":9,"column":1}},"line":3}},"branchMap":{},"s":{"0":1,"1":1},"f":{"0":1},"b":{},"_coverageSchema":"1a1c01bbd47fc00a2c39e90264f33305004495a9","hash":"38519a10d353c8f2457b24dea367c41e115f01b6"}
,"/Users/learnacademy/Desktop/movie-scout/app/javascript/components/components/Header.js": {"path":"/Users/learnacademy/Desktop/movie-scout/app/javascript/components/components/Header.js","statementMap":{"0":{"start":{"line":13,"column":15},"end":{"line":75,"column":1}},"1":{"start":{"line":14,"column":2},"end":{"line":74,"column":3}}},"fnMap":{"0":{"name":"(anonymous_0)","decl":{"start":{"line":13,"column":15},"end":{"line":13,"column":16}},"loc":{"start":{"line":13,"column":92},"end":{"line":75,"column":1}},"line":13}},"branchMap":{"0":{"loc":{"start":{"line":21,"column":9},"end":{"line":39,"column":9}},"type":"binary-expr","locations":[{"start":{"line":21,"column":9},"end":{"line":21,"column":19}},{"start":{"line":22,"column":10},"end":{"line":38,"column":20}}],"line":21},"1":{"loc":{"start":{"line":40,"column":9},"end":{"line":68,"column":9}},"type":"binary-expr","locations":[{"start":{"line":40,"column":9},"end":{"line":40,"column":18}},{"start":{"line":41,"column":10},"end":{"line":67,"column":20}}],"line":40}},"s":{"0":1,"1":2},"f":{"0":2},"b":{"0":[2,2],"1":[2,0]},"_coverageSchema":"1a1c01bbd47fc00a2c39e90264f33305004495a9","hash":"467b6a303b6ea1dbb0e63f0b3be936cb823ccc55"}
,"/Users/learnacademy/Desktop/movie-scout/app/javascript/components/components/Navigation.js": {"path":"/Users/learnacademy/Desktop/movie-scout/app/javascript/components/components/Navigation.js","statementMap":{"0":{"start":{"line":3,"column":19},"end":{"line":9,"column":1}},"1":{"start":{"line":4,"column":2},"end":{"line":8,"column":3}}},"fnMap":{"0":{"name":"(anonymous_0)","decl":{"start":{"line":3,"column":19},"end":{"line":3,"column":20}},"loc":{"start":{"line":3,"column":25},"end":{"line":9,"column":1}},"line":3}},"branchMap":{},"s":{"0":1,"1":1},"f":{"0":1},"b":{},"_coverageSchema":"1a1c01bbd47fc00a2c39e90264f33305004495a9","hash":"0529b8b32a0ba0dc2bf47781e670d27f8f1f6efd"}
,"/Users/learnacademy/Desktop/movie-scout/app/javascript/components/pages/AboutUs.js": {"path":"/Users/learnacademy/Desktop/movie-scout/app/javascript/components/pages/AboutUs.js","statementMap":{"0":{"start":{"line":3,"column":16},"end":{"line":9,"column":1}},"1":{"start":{"line":4,"column":2},"end":{"line":8,"column":3}}},"fnMap":{"0":{"name":"(anonymous_0)","decl":{"start":{"line":3,"column":16},"end":{"line":3,"column":17}},"loc":{"start":{"line":3,"column":22},"end":{"line":9,"column":1}},"line":3}},"branchMap":{},"s":{"0":1,"1":1},"f":{"0":1},"b":{},"_coverageSchema":"1a1c01bbd47fc00a2c39e90264f33305004495a9","hash":"2406a6d5377aa3fd962b62b7287b4bf1077eacce"}
,"/Users/learnacademy/Desktop/movie-scout/app/javascript/components/pages/Home.js": {"path":"/Users/learnacademy/Desktop/movie-scout/app/javascript/components/pages/Home.js","statementMap":{"0":{"start":{"line":3,"column":13},"end":{"line":13,"column":1}},"1":{"start":{"line":4,"column":2},"end":{"line":12,"column":3}}},"fnMap":{"0":{"name":"(anonymous_0)","decl":{"start":{"line":3,"column":13},"end":{"line":3,"column":14}},"loc":{"start":{"line":3,"column":19},"end":{"line":13,"column":1}},"line":3}},"branchMap":{},"s":{"0":1,"1":2},"f":{"0":2},"b":{},"_coverageSchema":"1a1c01bbd47fc00a2c39e90264f33305004495a9","hash":"7f48711311400655c0e0b3f650d1dd82e5d2ea4b"}
,"/Users/learnacademy/Desktop/movie-scout/app/javascript/components/pages/MovieEdit.js": {"path":"/Users/learnacademy/Desktop/movie-scout/app/javascript/components/pages/MovieEdit.js","statementMap":{"0":{"start":{"line":15,"column":18},"end":{"line":143,"column":1}},"1":{"start":{"line":17,"column":15},"end":{"line":17,"column":26}},"2":{"start":{"line":18,"column":21},"end":{"line":18,"column":60}},"3":{"start":{"line":18,"column":43},"end":{"line":18,"column":59}},"4":{"start":{"line":20,"column":36},"end":{"line":28,"column":4}},"5":{"start":{"line":30,"column":23},"end":{"line":32,"column":3}},"6":{"start":{"line":31,"column":4},"end":{"line":31,"column":65}},"7":{"start":{"line":34,"column":19},"end":{"line":34,"column":32}},"8":{"start":{"line":36,"column":23},"end":{"line":39,"column":3}},"9":{"start":{"line":37,"column":4},"end":{"line":37,"column":43}},"10":{"start":{"line":38,"column":4},"end":{"line":38,"column":48}},"11":{"start":{"line":41,"column":2},"end":{"line":142,"column":3}}},"fnMap":{"0":{"name":"(anonymous_0)","decl":{"start":{"line":15,"column":18},"end":{"line":15,"column":19}},"loc":{"start":{"line":15,"column":59},"end":{"line":143,"column":1}},"line":15},"1":{"name":"(anonymous_1)","decl":{"start":{"line":18,"column":34},"end":{"line":18,"column":35}},"loc":{"start":{"line":18,"column":43},"end":{"line":18,"column":59}},"line":18},"2":{"name":"(anonymous_2)","decl":{"start":{"line":30,"column":23},"end":{"line":30,"column":24}},"loc":{"start":{"line":30,"column":30},"end":{"line":32,"column":3}},"line":30},"3":{"name":"(anonymous_3)","decl":{"start":{"line":36,"column":23},"end":{"line":36,"column":24}},"loc":{"start":{"line":36,"column":29},"end":{"line":39,"column":3}},"line":36}},"branchMap":{},"s":{"0":1,"1":2,"2":2,"3":0,"4":2,"5":2,"6":0,"7":2,"8":2,"9":0,"10":0,"11":2},"f":{"0":2,"1":0,"2":0,"3":0},"b":{},"_coverageSchema":"1a1c01bbd47fc00a2c39e90264f33305004495a9","hash":"23229ed46a5afd0375faef8c8d886462282da053"}
,"/Users/learnacademy/Desktop/movie-scout/app/javascript/components/pages/MovieIndex.js": {"path":"/Users/learnacademy/Desktop/movie-scout/app/javascript/components/pages/MovieIndex.js","statementMap":{"0":{"start":{"line":5,"column":19},"end":{"line":32,"column":1}},"1":{"start":{"line":6,"column":0},"end":{"line":31,"column":4}},"2":{"start":{"line":10,"column":8},"end":{"line":28,"column":10}}},"fnMap":{"0":{"name":"(anonymous_0)","decl":{"start":{"line":5,"column":19},"end":{"line":5,"column":20}},"loc":{"start":{"line":5,"column":35},"end":{"line":32,"column":1}},"line":5},"1":{"name":"(anonymous_1)","decl":{"start":{"line":9,"column":19},"end":{"line":9,"column":20}},"loc":{"start":{"line":9,"column":37},"end":{"line":29,"column":7}},"line":9}},"branchMap":{},"s":{"0":1,"1":2,"2":0},"f":{"0":2,"1":0},"b":{},"_coverageSchema":"1a1c01bbd47fc00a2c39e90264f33305004495a9","hash":"e65a5a75295fe9148d1082be8ef4574acec88682"}
,"/Users/learnacademy/Desktop/movie-scout/app/javascript/components/pages/MovieNew.js": {"path":"/Users/learnacademy/Desktop/movie-scout/app/javascript/components/pages/MovieNew.js","statementMap":{"0":{"start":{"line":14,"column":17},"end":{"line":138,"column":1}},"1":{"start":{"line":16,"column":19},"end":{"line":16,"column":32}},"2":{"start":{"line":17,"column":34},"end":{"line":25,"column":4}},"3":{"start":{"line":27,"column":23},"end":{"line":29,"column":3}},"4":{"start":{"line":28,"column":4},"end":{"line":28,"column":63}},"5":{"start":{"line":31,"column":23},"end":{"line":34,"column":3}},"6":{"start":{"line":32,"column":4},"end":{"line":32,"column":25}},"7":{"start":{"line":33,"column":4},"end":{"line":33,"column":25}},"8":{"start":{"line":36,"column":2},"end":{"line":137,"column":3}}},"fnMap":{"0":{"name":"(anonymous_0)","decl":{"start":{"line":14,"column":17},"end":{"line":14,"column":18}},"loc":{"start":{"line":14,"column":52},"end":{"line":138,"column":1}},"line":14},"1":{"name":"(anonymous_1)","decl":{"start":{"line":27,"column":23},"end":{"line":27,"column":24}},"loc":{"start":{"line":27,"column":30},"end":{"line":29,"column":3}},"line":27},"2":{"name":"(anonymous_2)","decl":{"start":{"line":31,"column":23},"end":{"line":31,"column":24}},"loc":{"start":{"line":31,"column":29},"end":{"line":34,"column":3}},"line":31}},"branchMap":{},"s":{"0":1,"1":2,"2":2,"3":2,"4":0,"5":2,"6":0,"7":0,"8":2},"f":{"0":2,"1":0,"2":0},"b":{},"_coverageSchema":"1a1c01bbd47fc00a2c39e90264f33305004495a9","hash":"adfd336e212a7e90e8d9649246bba6f36286c32f"}
,"/Users/learnacademy/Desktop/movie-scout/app/javascript/components/pages/MovieShow.js": {"path":"/Users/learnacademy/Desktop/movie-scout/app/javascript/components/pages/MovieShow.js","statementMap":{"0":{"start":{"line":4,"column":18},"end":{"line":34,"column":1}},"1":{"start":{"line":5,"column":17},"end":{"line":5,"column":28}},"2":{"start":{"line":6,"column":21},"end":{"line":6,"column":62}},"3":{"start":{"line":6,"column":45},"end":{"line":6,"column":61}},"4":{"start":{"line":8,"column":2},"end":{"line":33,"column":3}}},"fnMap":{"0":{"name":"(anonymous_0)","decl":{"start":{"line":4,"column":18},"end":{"line":4,"column":19}},"loc":{"start":{"line":4,"column":32},"end":{"line":34,"column":1}},"line":4},"1":{"name":"(anonymous_1)","decl":{"start":{"line":6,"column":34},"end":{"line":6,"column":35}},"loc":{"start":{"line":6,"column":45},"end":{"line":6,"column":61}},"line":6}},"branchMap":{"0":{"loc":{"start":{"line":10,"column":7},"end":{"line":30,"column":7}},"type":"binary-expr","locations":[{"start":{"line":10,"column":7},"end":{"line":10,"column":19}},{"start":{"line":11,"column":8},"end":{"line":29,"column":11}}],"line":10}},"s":{"0":1,"1":3,"2":3,"3":3,"4":3},"f":{"0":3,"1":3},"b":{"0":[3,3]},"_coverageSchema":"1a1c01bbd47fc00a2c39e90264f33305004495a9","hash":"72a96beba2888b0350ec44ec34aa337a7fb23318"}
,"/Users/learnacademy/Desktop/movie-scout/app/javascript/components/pages/MyMovies.js": {"path":"/Users/learnacademy/Desktop/movie-scout/app/javascript/components/pages/MyMovies.js","statementMap":{"0":{"start":{"line":4,"column":17},"end":{"line":33,"column":1}},"1":{"start":{"line":5,"column":21},"end":{"line":7,"column":4}},"2":{"start":{"line":6,"column":4},"end":{"line":6,"column":44}},"3":{"start":{"line":9,"column":2},"end":{"line":32,"column":4}},"4":{"start":{"line":13,"column":8},"end":{"line":29,"column":10}}},"fnMap":{"0":{"name":"(anonymous_0)","decl":{"start":{"line":4,"column":17},"end":{"line":4,"column":18}},"loc":{"start":{"line":4,"column":47},"end":{"line":33,"column":1}},"line":4},"1":{"name":"(anonymous_1)","decl":{"start":{"line":5,"column":36},"end":{"line":5,"column":37}},"loc":{"start":{"line":5,"column":47},"end":{"line":7,"column":3}},"line":5},"2":{"name":"(anonymous_2)","decl":{"start":{"line":12,"column":23},"end":{"line":12,"column":24}},"loc":{"start":{"line":12,"column":41},"end":{"line":30,"column":7}},"line":12}},"branchMap":{},"s":{"0":1,"1":2,"2":0,"3":2,"4":0},"f":{"0":2,"1":0,"2":0},"b":{},"_coverageSchema":"1a1c01bbd47fc00a2c39e90264f33305004495a9","hash":"614cf7bc25d7529f7e69e1e4dbf73bdbb8baa52d"}
,"/Users/learnacademy/Desktop/movie-scout/app/javascript/components/pages/MyMoviesShow.js": {"path":"/Users/learnacademy/Desktop/movie-scout/app/javascript/components/pages/MyMoviesShow.js","statementMap":{"0":{"start":{"line":5,"column":21},"end":{"line":43,"column":1}},"1":{"start":{"line":6,"column":17},"end":{"line":6,"column":28}},"2":{"start":{"line":7,"column":21},"end":{"line":7,"column":62}},"3":{"start":{"line":7,"column":45},"end":{"line":7,"column":61}},"4":{"start":{"line":10,"column":2},"end":{"line":42,"column":3}},"5":{"start":{"line":29,"column":36},"end":{"line":29,"column":51}}},"fnMap":{"0":{"name":"(anonymous_0)","decl":{"start":{"line":5,"column":21},"end":{"line":5,"column":22}},"loc":{"start":{"line":5,"column":62},"end":{"line":43,"column":1}},"line":5},"1":{"name":"(anonymous_1)","decl":{"start":{"line":7,"column":34},"end":{"line":7,"column":35}},"loc":{"start":{"line":7,"column":45},"end":{"line":7,"column":61}},"line":7},"2":{"name":"(anonymous_2)","decl":{"start":{"line":29,"column":29},"end":{"line":29,"column":30}},"loc":{"start":{"line":29,"column":35},"end":{"line":29,"column":52}},"line":29}},"branchMap":{"0":{"loc":{"start":{"line":13,"column":7},"end":{"line":39,"column":7}},"type":"binary-expr","locations":[{"start":{"line":13,"column":7},"end":{"line":13,"column":19}},{"start":{"line":13,"column":23},"end":{"line":13,"column":35}},{"start":{"line":14,"column":8},"end":{"line":38,"column":11}}],"line":13}},"s":{"0":1,"1":3,"2":3,"3":3,"4":3,"5":0},"f":{"0":3,"1":3,"2":0},"b":{"0":[3,3,3]},"_coverageSchema":"1a1c01bbd47fc00a2c39e90264f33305004495a9","hash":"b2fd5292f9ec6a55e240d0fd76df4b1484098ce6"}
,"/Users/learnacademy/Desktop/movie-scout/app/javascript/components/pages/NotFound.js": {"path":"/Users/learnacademy/Desktop/movie-scout/app/javascript/components/pages/NotFound.js","statementMap":{"0":{"start":{"line":3,"column":17},"end":{"line":9,"column":1}},"1":{"start":{"line":4,"column":2},"end":{"line":8,"column":3}}},"fnMap":{"0":{"name":"(anonymous_0)","decl":{"start":{"line":3,"column":17},"end":{"line":3,"column":18}},"loc":{"start":{"line":3,"column":23},"end":{"line":9,"column":1}},"line":3}},"branchMap":{},"s":{"0":1,"1":1},"f":{"0":1},"b":{},"_coverageSchema":"1a1c01bbd47fc00a2c39e90264f33305004495a9","hash":"a2327d25bae8f4fa65c6041b63402a3c61e66087"}
}
