TN:
SF:app/javascript/components/components/Footer.js
FN:3,(anonymous_0)
FNF:1
FNH:1
FNDA:1,(anonymous_0)
DA:3,1
DA:4,1
LF:2
LH:2
BRF:0
BRH:0
end_of_record
TN:
SF:app/javascript/components/components/Header.js
FN:14,(anonymous_0)
FNF:1
FNH:1
FNDA:2,(anonymous_0)
DA:14,1
DA:15,2
LF:2
LH:2
BRDA:21,0,0,2
BRDA:21,0,1,2
BRDA:45,1,0,2
BRDA:45,1,1,0
BRF:4
BRH:3
end_of_record
TN:
SF:app/javascript/components/components/Navigation.js
FN:3,(anonymous_0)
FNF:1
FNH:1
FNDA:1,(anonymous_0)
DA:3,1
DA:4,1
LF:2
LH:2
BRF:0
BRH:0
end_of_record
TN:
SF:app/javascript/components/components/SearchBar.js
FN:3,(anonymous_0)
FNF:1
FNH:1
FNDA:2,(anonymous_0)
DA:3,1
DA:6,2
LF:2
LH:2
BRF:0
BRH:0
end_of_record
TN:
SF:app/javascript/components/pages/Home.js
FN:5,(anonymous_0)
FN:8,(anonymous_1)
FNF:2
FNH:1
FNDA:3,(anonymous_0)
FNDA:0,(anonymous_1)
DA:5,1
DA:7,3
DA:8,3
DA:9,0
DA:11,3
LF:5
LH:4
BRF:0
BRH:0
end_of_record
TN:
SF:app/javascript/components/pages/MovieEdit.js
FN:15,(anonymous_0)
FN:18,(anonymous_1)
FN:30,(anonymous_2)
FN:36,(anonymous_3)
FNF:4
FNH:1
FNDA:2,(anonymous_0)
FNDA:0,(anonymous_1)
FNDA:0,(anonymous_2)
FNDA:0,(anonymous_3)
DA:15,1
DA:17,2
DA:18,2
DA:20,2
DA:30,2
DA:31,0
DA:34,2
DA:36,2
DA:37,0
DA:38,0
DA:41,2
LF:11
LH:8
BRF:0
BRH:0
end_of_record
TN:
SF:app/javascript/components/pages/MovieIndex.js
FN:5,(anonymous_0)
FN:9,(anonymous_1)
FN:13,(anonymous_2)
FN:21,(anonymous_3)
FNF:4
FNH:1
FNDA:2,(anonymous_0)
FNDA:0,(anonymous_1)
FNDA:0,(anonymous_2)
FNDA:0,(anonymous_3)
DA:5,1
DA:7,2
DA:9,2
DA:13,2
DA:14,0
DA:17,2
DA:22,0
LF:7
LH:5
BRF:0
BRH:0
end_of_record
TN:
SF:app/javascript/components/pages/MovieNew.js
FN:14,(anonymous_0)
FN:27,(anonymous_1)
FN:31,(anonymous_2)
FNF:3
FNH:1
FNDA:2,(anonymous_0)
FNDA:0,(anonymous_1)
FNDA:0,(anonymous_2)
DA:14,1
DA:16,2
DA:17,2
DA:27,2
DA:28,0
DA:31,2
DA:32,0
DA:33,0
DA:36,2
LF:9
LH:6
BRF:0
BRH:0
end_of_record
TN:
SF:app/javascript/components/pages/MovieShow.js
FN:4,(anonymous_0)
FN:6,(anonymous_1)
FN:10,(anonymous_2)
FNF:3
FNH:2
FNDA:3,(anonymous_0)
FNDA:3,(anonymous_1)
FNDA:0,(anonymous_2)
DA:4,1
DA:5,3
DA:6,3
DA:8,3
DA:10,3
DA:11,0
DA:13,3
LF:7
LH:6
BRDA:15,0,0,3
BRDA:15,0,1,3
BRF:2
BRH:2
end_of_record
TN:
SF:app/javascript/components/pages/MyMovies.js
FN:4,(anonymous_0)
FN:5,(anonymous_1)
FN:13,(anonymous_2)
FNF:3
FNH:1
FNDA:2,(anonymous_0)
FNDA:0,(anonymous_1)
FNDA:0,(anonymous_2)
DA:4,1
DA:5,2
DA:6,0
DA:9,2
DA:14,0
LF:5
LH:3
BRF:0
BRH:0
end_of_record
TN:
SF:app/javascript/components/pages/MyMoviesShow.js
FN:4,(anonymous_0)
FN:6,(anonymous_1)
FN:10,(anonymous_2)
FN:13,(anonymous_3)
FN:16,(anonymous_4)
FNF:5
FNH:2
FNDA:3,(anonymous_0)
FNDA:3,(anonymous_1)
FNDA:0,(anonymous_2)
FNDA:0,(anonymous_3)
FNDA:0,(anonymous_4)
DA:4,1
DA:5,3
DA:6,3
DA:8,3
DA:10,3
DA:11,0
DA:13,3
DA:14,0
DA:16,3
DA:17,0
DA:18,0
DA:21,3
LF:12
LH:8
BRDA:24,0,0,3
BRDA:24,0,1,3
BRDA:24,0,2,3
BRF:3
BRH:3
end_of_record
